<?xml version="1.0" encoding="UTF-8"?>
<!-- Generated by org.testng.reporters.JUnitXMLReporter -->
<testsuite ignored="0" hostname="DESKTOP-IRBDA3L" failures="1" tests="1" name="OpencartTest" time="5.733" errors="0" timestamp="2023-08-25T17:00:42 IST">
  <testcase classname="testCases.TC_001_AccountRegistractionTest" name="test_account_Registration" time="2.003">
    <failure type="java.lang.AssertionError" message="null">
      <![CDATA[java.lang.AssertionError: null
at testCases.TC_001_AccountRegistractionTest.test_account_Registration(TC_001_AccountRegistractionTest.java:50)
at java.base/java.util.ArrayList.forEach(ArrayList.java:1511)
... Removed 27 stack frames]]>
    </failure>
  </testcase> <!-- test_account_Registration -->
</testsuite> <!-- OpencartTest -->
